2025-02-12 00:35:53,043:WARNING:
'cuml' is a soft dependency and not included in the pycaret installation. Please run: `pip install cuml` to install.
2025-02-12 00:35:53,043:WARNING:
'cuml' is a soft dependency and not included in the pycaret installation. Please run: `pip install cuml` to install.
2025-02-12 00:35:53,043:WARNING:
'cuml' is a soft dependency and not included in the pycaret installation. Please run: `pip install cuml` to install.
2025-02-12 00:35:53,043:WARNING:
'cuml' is a soft dependency and not included in the pycaret installation. Please run: `pip install cuml` to install.
2025-02-12 00:42:18,973:WARNING:
'cuml' is a soft dependency and not included in the pycaret installation. Please run: `pip install cuml` to install.
2025-02-12 00:42:18,974:WARNING:
'cuml' is a soft dependency and not included in the pycaret installation. Please run: `pip install cuml` to install.
2025-02-12 00:42:18,974:WARNING:
'cuml' is a soft dependency and not included in the pycaret installation. Please run: `pip install cuml` to install.
2025-02-12 00:42:18,974:WARNING:
'cuml' is a soft dependency and not included in the pycaret installation. Please run: `pip install cuml` to install.
2025-02-12 00:45:20,003:INFO:Initializing load_model()
2025-02-12 00:45:20,003:INFO:load_model(model_name=../models/lr_pedra_classification.pkl, platform=None, authentication=None, verbose=True)
2025-02-12 00:45:40,472:INFO:Initializing load_model()
2025-02-12 00:45:40,473:INFO:load_model(model_name=../models/lr_pedra_classification.pkl, platform=None, authentication=None, verbose=True)
2025-02-12 00:46:13,999:WARNING:
'cuml' is a soft dependency and not included in the pycaret installation. Please run: `pip install cuml` to install.
2025-02-12 00:46:13,999:WARNING:
'cuml' is a soft dependency and not included in the pycaret installation. Please run: `pip install cuml` to install.
2025-02-12 00:46:13,999:WARNING:
'cuml' is a soft dependency and not included in the pycaret installation. Please run: `pip install cuml` to install.
2025-02-12 00:46:13,999:WARNING:
'cuml' is a soft dependency and not included in the pycaret installation. Please run: `pip install cuml` to install.
2025-02-12 00:46:14,551:INFO:Initializing load_model()
2025-02-12 00:46:14,551:INFO:load_model(model_name=../models/lr_pedra_classification.pkl, platform=None, authentication=None, verbose=True)
2025-02-12 00:46:43,679:INFO:Initializing load_model()
2025-02-12 00:46:43,679:INFO:load_model(model_name=<_io.BufferedReader name='models/lr_pedra_classification.pkl'>, platform=None, authentication=None, verbose=True)
2025-02-12 00:47:45,827:INFO:Initializing load_model()
2025-02-12 00:47:45,827:INFO:load_model(model_name=models/lr_pedra_classification.pkl, platform=None, authentication=None, verbose=True)
2025-02-12 00:47:59,977:INFO:Initializing load_model()
2025-02-12 00:47:59,977:INFO:load_model(model_name=../models/lr_pedra_classification.pkl, platform=None, authentication=None, verbose=True)
2025-02-12 00:48:15,310:INFO:Initializing load_model()
2025-02-12 00:48:15,310:INFO:load_model(model_name=../models/lr_pedra_classification, platform=None, authentication=None, verbose=True)
2025-02-12 00:48:52,421:WARNING:
'cuml' is a soft dependency and not included in the pycaret installation. Please run: `pip install cuml` to install.
2025-02-12 00:48:52,421:WARNING:
'cuml' is a soft dependency and not included in the pycaret installation. Please run: `pip install cuml` to install.
2025-02-12 00:48:52,421:WARNING:
'cuml' is a soft dependency and not included in the pycaret installation. Please run: `pip install cuml` to install.
2025-02-12 00:48:52,421:WARNING:
'cuml' is a soft dependency and not included in the pycaret installation. Please run: `pip install cuml` to install.
2025-02-12 00:48:52,978:INFO:Initializing load_model()
2025-02-12 00:48:52,978:INFO:load_model(model_name=../models/lr_pedra_classification, platform=None, authentication=None, verbose=True)
2025-02-12 00:49:35,746:INFO:Initializing load_model()
2025-02-12 00:49:35,746:INFO:load_model(model_name=../models/lr_pedra_classification, platform=None, authentication=None, verbose=True)
2025-02-12 00:49:39,445:INFO:Initializing load_model()
2025-02-12 00:49:39,446:INFO:load_model(model_name=../models/lr_pedra_classification, platform=None, authentication=None, verbose=True)
2025-02-12 00:49:51,729:INFO:Initializing load_model()
2025-02-12 00:49:51,729:INFO:load_model(model_name=../models/lr_pedra_classification, platform=None, authentication=None, verbose=True)
2025-02-12 00:50:01,821:INFO:Initializing load_model()
2025-02-12 00:50:01,822:INFO:load_model(model_name=../models/lr_pedra_classification.pkl, platform=None, authentication=None, verbose=True)
2025-02-12 00:54:56,815:INFO:Initializing load_model()
2025-02-12 00:54:56,815:INFO:load_model(model_name=../models/lr_pedra_classification.pkl, platform=None, authentication=None, verbose=True)
2025-02-12 00:55:03,477:INFO:Initializing load_model()
2025-02-12 00:55:03,477:INFO:load_model(model_name=../models/lr_pedra_classification, platform=None, authentication=None, verbose=True)
2025-02-12 00:55:25,831:INFO:Initializing load_model()
2025-02-12 00:55:25,831:INFO:load_model(model_name=../models/lr_pedra_classification, platform=None, authentication=None, verbose=True)
2025-02-12 00:55:55,697:INFO:Initializing load_model()
2025-02-12 00:55:55,697:INFO:load_model(model_name=../models/lr_pedra_classification, platform=None, authentication=None, verbose=True)
2025-02-12 00:56:45,749:WARNING:
'cuml' is a soft dependency and not included in the pycaret installation. Please run: `pip install cuml` to install.
2025-02-12 00:56:45,749:WARNING:
'cuml' is a soft dependency and not included in the pycaret installation. Please run: `pip install cuml` to install.
2025-02-12 00:56:45,749:WARNING:
'cuml' is a soft dependency and not included in the pycaret installation. Please run: `pip install cuml` to install.
2025-02-12 00:56:45,749:WARNING:
'cuml' is a soft dependency and not included in the pycaret installation. Please run: `pip install cuml` to install.
2025-02-12 00:56:46,324:INFO:Initializing load_model()
2025-02-12 00:56:46,324:INFO:load_model(model_name=../models/lr_pedra_classification, platform=None, authentication=None, verbose=True)
2025-02-12 00:57:07,129:INFO:Initializing load_model()
2025-02-12 00:57:07,129:INFO:load_model(model_name=/Users/andersonpacheco/Documents/Estudos/01 - Pós Graduacao/00 - Datathon/passos-magicos-analysis/models/lr_pedra_classification.pkl, platform=None, authentication=None, verbose=True)
2025-02-12 00:57:15,055:INFO:Initializing load_model()
2025-02-12 00:57:15,055:INFO:load_model(model_name=/Users/andersonpacheco/Documents/Estudos/01 - Pós Graduacao/00 - Datathon/passos-magicos-analysis/models/lr_pedra_classification, platform=None, authentication=None, verbose=True)
2025-02-12 01:03:02,277:INFO:Initializing load_model()
2025-02-12 01:03:02,278:INFO:load_model(model_name=/Users/andersonpacheco/Documents/Estudos/01 - Pós Graduacao/00 - Datathon/passos-magicos-analysis/models/lr_pedra_classification, platform=None, authentication=None, verbose=True)
2025-02-12 02:39:28,527:WARNING:
'cuml' is a soft dependency and not included in the pycaret installation. Please run: `pip install cuml` to install.
2025-02-12 02:39:28,527:WARNING:
'cuml' is a soft dependency and not included in the pycaret installation. Please run: `pip install cuml` to install.
2025-02-12 02:39:28,527:WARNING:
'cuml' is a soft dependency and not included in the pycaret installation. Please run: `pip install cuml` to install.
2025-02-12 02:39:28,527:WARNING:
'cuml' is a soft dependency and not included in the pycaret installation. Please run: `pip install cuml` to install.
2025-02-12 02:39:29,100:INFO:Initializing load_model()
2025-02-12 02:39:29,100:INFO:load_model(model_name=/Users/andersonpacheco/Documents/Estudos/01 - Pós Graduacao/00 - Datathon/passos-magicos-analysis/models/lr_pedra_classification, platform=None, authentication=None, verbose=True)
2025-02-16 10:08:24,949:WARNING:
'cuml' is a soft dependency and not included in the pycaret installation. Please run: `pip install cuml` to install.
2025-02-16 10:08:24,949:WARNING:
'cuml' is a soft dependency and not included in the pycaret installation. Please run: `pip install cuml` to install.
2025-02-16 10:08:24,949:WARNING:
'cuml' is a soft dependency and not included in the pycaret installation. Please run: `pip install cuml` to install.
2025-02-16 10:08:24,949:WARNING:
'cuml' is a soft dependency and not included in the pycaret installation. Please run: `pip install cuml` to install.
2025-02-16 10:08:25,551:INFO:Initializing load_model()
2025-02-16 10:08:25,551:INFO:load_model(model_name=/Users/andersonpacheco/Documents/Estudos/01 - Pós Graduacao/00 - Datathon/passos-magicos-analysis/models/lr_pedra_classification, platform=None, authentication=None, verbose=True)
2025-02-16 12:36:15,409:WARNING:/opt/homebrew/anaconda3/envs/passos_magicos/lib/python3.10/site-packages/pycaret/internal/pipeline.py:148: UserWarning: Version mismatch:
current: {'deps_info': {'pip': '25.0.1', 'setuptools': '75.1.0', 'pycaret': '3.3.2', 'IPython': '8.30.0', 'ipywidgets': '8.1.5', 'tqdm': '4.67.1', 'numpy': '1.26.4', 'pandas': '2.1.4', 'jinja2': '3.1.4', 'scipy': '1.11.4', 'joblib': '1.3.2', 'sklearn': '1.4.2', 'pyod': '2.0.3', 'imblearn': '0.13.0', 'category_encoders': '2.7.0', 'lightgbm': '4.5.0', 'numba': '0.61.0', 'requests': '2.32.3', 'matplotlib': '3.7.5', 'scikitplot': '0.3.7', 'yellowbrick': '1.5', 'plotly': '5.24.1', 'plotly-resampler': 'Not installed', 'kaleido': '0.2.1', 'schemdraw': '0.15', 'statsmodels': '0.14.4', 'sktime': '0.26.0', 'tbats': '1.1.3', 'pmdarima': '2.0.4', 'psutil': '5.9.0', 'markupsafe': '3.0.2', 'pickle5': 'Not installed', 'cloudpickle': '3.1.1', 'deprecation': '2.1.0', 'xxhash': '3.5.0', 'wurlitzer': '3.1.1'}, 'python': {'version': '3.10.16', 'machine': 'arm64'}}
pickle: {'deps_info': {'pip': '24.2', 'setuptools': '75.1.0', 'pycaret': '3.3.2', 'IPython': '8.30.0', 'ipywidgets': '8.1.5', 'tqdm': '4.67.1', 'numpy': '1.26.4', 'pandas': '2.1.4', 'jinja2': '3.1.4', 'scipy': '1.11.4', 'joblib': '1.3.2', 'sklearn': '1.4.2', 'pyod': '2.0.3', 'imblearn': '0.13.0', 'category_encoders': '2.7.0', 'lightgbm': '4.5.0', 'numba': '0.61.0', 'requests': '2.32.3', 'matplotlib': '3.7.5', 'scikitplot': '0.3.7', 'yellowbrick': '1.5', 'plotly': '5.24.1', 'plotly-resampler': 'Not installed', 'kaleido': '0.2.1', 'schemdraw': '0.15', 'statsmodels': '0.14.4', 'sktime': '0.26.0', 'tbats': '1.1.3', 'pmdarima': '2.0.4', 'psutil': '5.9.0', 'markupsafe': '3.0.2', 'pickle5': 'Not installed', 'cloudpickle': '3.1.1', 'deprecation': '2.1.0', 'xxhash': '3.5.0', 'wurlitzer': '3.1.1'}, 'python': {'version': '3.10.16', 'machine': 'arm64'}}
  warnings.warn(

2025-02-16 13:02:37,302:WARNING:/opt/homebrew/anaconda3/envs/passos_magicos/lib/python3.10/site-packages/pycaret/internal/pipeline.py:148: UserWarning: Version mismatch:
current: {'deps_info': {'pip': '25.0.1', 'setuptools': '75.1.0', 'pycaret': '3.3.2', 'IPython': '8.30.0', 'ipywidgets': '8.1.5', 'tqdm': '4.67.1', 'numpy': '1.26.4', 'pandas': '2.1.4', 'jinja2': '3.1.4', 'scipy': '1.11.4', 'joblib': '1.3.2', 'sklearn': '1.4.2', 'pyod': '2.0.3', 'imblearn': '0.13.0', 'category_encoders': '2.7.0', 'lightgbm': '4.5.0', 'numba': '0.61.0', 'requests': '2.32.3', 'matplotlib': '3.7.5', 'scikitplot': '0.3.7', 'yellowbrick': '1.5', 'plotly': '5.24.1', 'plotly-resampler': 'Not installed', 'kaleido': '0.2.1', 'schemdraw': '0.15', 'statsmodels': '0.14.4', 'sktime': '0.26.0', 'tbats': '1.1.3', 'pmdarima': '2.0.4', 'psutil': '5.9.0', 'markupsafe': '3.0.2', 'pickle5': 'Not installed', 'cloudpickle': '3.1.1', 'deprecation': '2.1.0', 'xxhash': '3.5.0', 'wurlitzer': '3.1.1'}, 'python': {'version': '3.10.16', 'machine': 'arm64'}}
pickle: {'deps_info': {'pip': '25.0', 'setuptools': '75.8.0', 'pycaret': '3.3.2', 'IPython': '8.32.0', 'ipywidgets': '8.1.5', 'tqdm': '4.67.1', 'numpy': '1.26.4', 'pandas': '2.1.4', 'jinja2': '3.1.5', 'scipy': '1.11.4', 'joblib': '1.3.2', 'sklearn': '1.4.2', 'pyod': '2.0.3', 'imblearn': '0.13.0', 'category_encoders': '2.7.0', 'lightgbm': '4.6.0', 'numba': '0.61.0', 'requests': '2.32.3', 'matplotlib': '3.7.5', 'scikitplot': '0.3.7', 'yellowbrick': '1.5', 'plotly': '5.24.1', 'plotly-resampler': 'Not installed', 'kaleido': '0.2.1', 'schemdraw': '0.15', 'statsmodels': '0.14.4', 'sktime': '0.26.0', 'tbats': '1.1.3', 'pmdarima': '2.0.4', 'psutil': '5.9.0', 'markupsafe': '3.0.2', 'pickle5': 'Not installed', 'cloudpickle': '3.1.1', 'deprecation': '2.1.0', 'xxhash': '3.5.0', 'wurlitzer': '3.1.1'}, 'python': {'version': '3.10.16', 'machine': 'arm64'}}
  warnings.warn(

2025-02-18 03:32:52,636:WARNING:/opt/homebrew/anaconda3/envs/passos_magicos/lib/python3.10/site-packages/pycaret/internal/pipeline.py:148: UserWarning: Version mismatch:
current: {'deps_info': {'pip': '25.0.1', 'setuptools': '75.1.0', 'pycaret': '3.3.2', 'IPython': '8.30.0', 'ipywidgets': '8.1.5', 'tqdm': '4.67.1', 'numpy': '1.26.4', 'pandas': '2.1.4', 'jinja2': '3.1.4', 'scipy': '1.11.4', 'joblib': '1.3.2', 'sklearn': '1.4.2', 'pyod': '2.0.3', 'imblearn': '0.13.0', 'category_encoders': '2.7.0', 'lightgbm': '4.5.0', 'numba': '0.61.0', 'requests': '2.32.3', 'matplotlib': '3.7.5', 'scikitplot': '0.3.7', 'yellowbrick': '1.5', 'plotly': '5.24.1', 'plotly-resampler': 'Not installed', 'kaleido': '0.2.1', 'schemdraw': '0.15', 'statsmodels': '0.14.4', 'sktime': '0.26.0', 'tbats': '1.1.3', 'pmdarima': '2.0.4', 'psutil': '5.9.0', 'markupsafe': '3.0.2', 'pickle5': 'Not installed', 'cloudpickle': '3.1.1', 'deprecation': '2.1.0', 'xxhash': '3.5.0', 'wurlitzer': '3.1.1'}, 'python': {'version': '3.10.16', 'machine': 'arm64'}}
pickle: {'deps_info': {'pip': '25.0.1', 'setuptools': '75.8.0', 'pycaret': '3.3.2', 'IPython': '8.32.0', 'ipywidgets': '8.1.5', 'tqdm': '4.67.1', 'numpy': '1.26.4', 'pandas': '2.1.4', 'jinja2': '3.1.5', 'scipy': '1.11.4', 'joblib': '1.3.2', 'sklearn': '1.4.2', 'pyod': '2.0.3', 'imblearn': '0.13.0', 'category_encoders': '2.7.0', 'lightgbm': '4.6.0', 'numba': '0.61.0', 'requests': '2.32.3', 'matplotlib': '3.7.5', 'scikitplot': '0.3.7', 'yellowbrick': '1.5', 'plotly': '5.24.1', 'plotly-resampler': 'Not installed', 'kaleido': '0.2.1', 'schemdraw': '0.15', 'statsmodels': '0.14.4', 'sktime': '0.26.0', 'tbats': '1.1.3', 'pmdarima': '2.0.4', 'psutil': '5.9.0', 'markupsafe': '3.0.2', 'pickle5': 'Not installed', 'cloudpickle': '3.1.1', 'deprecation': '2.1.0', 'xxhash': '3.5.0', 'wurlitzer': '3.1.1'}, 'python': {'version': '3.10.16', 'machine': 'arm64'}}
  warnings.warn(

